<?xml version="1.0" encoding="UTF-8"?>
<testsuite xmlns:xsi="http://www.w3.org/2001/XMLSchema-instance" xsi:noNamespaceSchemaLocation="https://maven.apache.org/surefire/maven-surefire-plugin/xsd/surefire-test-report-3.0.xsd" version="3.0" name="com.campushare.RideRecommendation.controllers.RecommendationControllerTest" time="0.311" tests="2" errors="0" skipped="0" failures="0">
  <properties>
[...]
</properties>
  <testcase name="getTopPostsForUserEmptyResponse" classname="com.campushare.RideRecommendation.controllers.RecommendationControllerTest" time="0.066">
    <system-out><![CDATA[2023-11-28T10:45:23.370-08:00  INFO 65009 --- [           main] t.c.s.AnnotationConfigContextLoaderUtils : Could not detect default configuration classes for test class [com.campushare.RideRecommendation.controllers.RecommendationControllerTest]: RecommendationControllerTest does not declare any static, non-private, non-final, nested classes annotated with @Configuration.
2023-11-28T10:45:23.388-08:00  INFO 65009 --- [           main] .b.t.c.SpringBootTestContextBootstrapper : Found @SpringBootConfiguration com.campushare.RideRecommendation.RideRecommendationApplication for test class com.campushare.RideRecommendation.controllers.RecommendationControllerTest

  .   ____          _            __ _ _
 /\\ / ___'_ __ _ _(_)_ __  __ _ \ \ \ \
( ( )\___ | '_ | '_| | '_ \/ _` | \ \ \ \
 \\/  ___)| |_)| | | | | || (_| |  ) ) ) )
  '  |____| .__|_| |_|_| |_\__, | / / / /
 =========|_|==============|___/=/_/_/_/
 :: Spring Boot ::                (v3.1.5)

2023-11-28T10:45:23.414-08:00  INFO 65009 --- [           main] c.c.R.c.RecommendationControllerTest     : Starting RecommendationControllerTest using Java 21.0.1 with PID 65009 (started by jetashreeravi in /Users/jetashreeravi/Desktop/Github/RideRecommendation)
2023-11-28T10:45:23.414-08:00  INFO 65009 --- [           main] c.c.R.c.RecommendationControllerTest     : No active profile set, falling back to 1 default profile: "default"
2023-11-28T10:45:23.583-08:00  INFO 65009 --- [           main] o.s.b.t.m.w.SpringBootMockServletContext : Initializing Spring TestDispatcherServlet ''
2023-11-28T10:45:23.583-08:00  INFO 65009 --- [           main] o.s.t.web.servlet.TestDispatcherServlet  : Initializing Servlet ''
2023-11-28T10:45:23.585-08:00  INFO 65009 --- [           main] o.s.t.web.servlet.TestDispatcherServlet  : Completed initialization in 0 ms
2023-11-28T10:45:23.590-08:00  INFO 65009 --- [           main] c.c.R.c.RecommendationControllerTest     : Started RecommendationControllerTest in 0.199 seconds (process running for 3.732)
]]></system-out>
  </testcase>
  <testcase name="getTopPostsForUserNonEmptyResponse" classname="com.campushare.RideRecommendation.controllers.RecommendationControllerTest" time="0.009"/>
</testsuite>