<?xml version="1.0" encoding="UTF-8"?>
<testsuite xmlns:xsi="http://www.w3.org/2001/XMLSchema-instance" xsi:noNamespaceSchemaLocation="https://maven.apache.org/surefire/maven-surefire-plugin/xsd/surefire-test-report-3.0.xsd" version="3.0" name="com.campushare.RideRecommendation.RideRecommendationApplicationTests" time="2.347" tests="1" errors="0" skipped="0" failures="0">
  <properties>
[...]
</properties>
  <testcase name="contextLoads" classname="com.campushare.RideRecommendation.RideRecommendationApplicationTests" time="0.502">
    <system-out><![CDATA[19:16:08.964 [main] INFO org.springframework.test.context.support.AnnotationConfigContextLoaderUtils -- Could not detect default configuration classes for test class [com.campushare.RideRecommendation.RideRecommendationApplicationTests]: RideRecommendationApplicationTests does not declare any static, non-private, non-final, nested classes annotated with @Configuration.
19:16:09.006 [main] INFO org.springframework.boot.test.context.SpringBootTestContextBootstrapper -- Found @SpringBootConfiguration com.campushare.RideRecommendation.RideRecommendationApplication for test class com.campushare.RideRecommendation.RideRecommendationApplicationTests

  .   ____          _            __ _ _
 /\\ / ___'_ __ _ _(_)_ __  __ _ \ \ \ \
( ( )\___ | '_ | '_| | '_ \/ _` | \ \ \ \
 \\/  ___)| |_)| | | | | || (_| |  ) ) ) )
  '  |____| .__|_| |_|_| |_\__, | / / / /
 =========|_|==============|___/=/_/_/_/
 :: Spring Boot ::                (v3.1.5)

2023-12-05T19:16:09.277-08:00  INFO 22730 --- [           main] c.c.R.RideRecommendationApplicationTests : Starting RideRecommendationApplicationTests using Java 21.0.1 with PID 22730 (started by Sakura in /Users/Sakura/18653_SDA/GroupProject/RideRecommendation)
2023-12-05T19:16:09.278-08:00  INFO 22730 --- [           main] c.c.R.RideRecommendationApplicationTests : No active profile set, falling back to 1 default profile: "default"
2023-12-05T19:16:09.554-08:00  INFO 22730 --- [           main] .s.d.r.c.RepositoryConfigurationDelegate : Bootstrapping Spring Data MongoDB repositories in DEFAULT mode.
2023-12-05T19:16:09.577-08:00  INFO 22730 --- [           main] .s.d.r.c.RepositoryConfigurationDelegate : Finished Spring Data repository scanning in 21 ms. Found 2 MongoDB repository interfaces.
2023-12-05T19:16:09.905-08:00  INFO 22730 --- [           main] org.mongodb.driver.client                : MongoClient with metadata {"driver": {"name": "mongo-java-driver|sync|spring-boot", "version": "4.9.1"}, "os": {"type": "Darwin", "name": "Mac OS X", "architecture": "aarch64", "version": "14.1.1"}, "platform": "Java/Homebrew/21.0.1"} created with settings MongoClientSettings{readPreference=primary, writeConcern=WriteConcern{w=majority, wTimeout=null ms, journal=null}, retryWrites=true, retryReads=true, readConcern=ReadConcern{level=null}, credential=MongoCredential{mechanism=null, userName='campushareAdmin', source='admin', password=<hidden>, mechanismProperties=<hidden>}, streamFactoryFactory=null, commandListeners=[], codecRegistry=ProvidersCodecRegistry{codecProviders=[ValueCodecProvider{}, BsonValueCodecProvider{}, DBRefCodecProvider{}, DBObjectCodecProvider{}, DocumentCodecProvider{}, CollectionCodecProvider{}, IterableCodecProvider{}, MapCodecProvider{}, GeoJsonCodecProvider{}, GridFSFileCodecProvider{}, Jsr310CodecProvider{}, JsonObjectCodecProvider{}, BsonCodecProvider{}, EnumCodecProvider{}, com.mongodb.client.model.mql.ExpressionCodecProvider@33eb6758, com.mongodb.Jep395RecordCodecProvider@f8a6243]}, loggerSettings=LoggerSettings{maxDocumentLength=1000}, clusterSettings={hosts=[127.0.0.1:27017], srvHost=clustercampushare.qhbomhf.mongodb.net, srvServiceName=mongodb, mode=MULTIPLE, requiredClusterType=REPLICA_SET, requiredReplicaSetName='atlas-116l6n-shard-0', serverSelector='null', clusterListeners='[]', serverSelectionTimeout='30000 ms', localThreshold='30000 ms'}, socketSettings=SocketSettings{connectTimeoutMS=10000, readTimeoutMS=0, receiveBufferSize=0, sendBufferSize=0}, heartbeatSocketSettings=SocketSettings{connectTimeoutMS=10000, readTimeoutMS=10000, receiveBufferSize=0, sendBufferSize=0}, connectionPoolSettings=ConnectionPoolSettings{maxSize=100, minSize=0, maxWaitTimeMS=120000, maxConnectionLifeTimeMS=0, maxConnectionIdleTimeMS=0, maintenanceInitialDelayMS=0, maintenanceFrequencyMS=60000, connectionPoolListeners=[], maxConnecting=2}, serverSettings=ServerSettings{heartbeatFrequencyMS=10000, minHeartbeatFrequencyMS=500, serverListeners='[]', serverMonitorListeners='[]'}, sslSettings=SslSettings{enabled=true, invalidHostNameAllowed=false, context=null}, applicationName='null', compressorList=[], uuidRepresentation=JAVA_LEGACY, serverApi=null, autoEncryptionSettings=null, contextProvider=null}
2023-12-05T19:16:09.948-08:00  INFO 22730 --- [mhf.mongodb.net] org.mongodb.driver.cluster               : Adding discovered server ac-xxstgo4-shard-00-02.qhbomhf.mongodb.net:27017 to client view of cluster
2023-12-05T19:16:09.957-08:00  INFO 22730 --- [mhf.mongodb.net] org.mongodb.driver.cluster               : Adding discovered server ac-xxstgo4-shard-00-01.qhbomhf.mongodb.net:27017 to client view of cluster
2023-12-05T19:16:09.958-08:00  INFO 22730 --- [mhf.mongodb.net] org.mongodb.driver.cluster               : Adding discovered server ac-xxstgo4-shard-00-00.qhbomhf.mongodb.net:27017 to client view of cluster
2023-12-05T19:16:10.263-08:00  INFO 22730 --- [           main] c.c.R.config.EventListenerConfig         : Subscribing listeners...
2023-12-05T19:16:10.263-08:00  INFO 22730 --- [           main] c.c.R.config.EventListenerConfig         : Subscribed to USER_CREATED event.
2023-12-05T19:16:10.263-08:00  INFO 22730 --- [           main] c.c.R.config.EventListenerConfig         : Subscribed to USER_UPDATED event.
2023-12-05T19:16:10.458-08:00  INFO 22730 --- [ngodb.net:27017] org.mongodb.driver.cluster               : Monitor thread successfully connected to server with description ServerDescription{address=ac-xxstgo4-shard-00-01.qhbomhf.mongodb.net:27017, type=REPLICA_SET_SECONDARY, state=CONNECTED, ok=true, minWireVersion=0, maxWireVersion=17, maxDocumentSize=16777216, logicalSessionTimeoutMinutes=30, roundTripTimeNanos=220958208, setName='atlas-116l6n-shard-0', canonicalAddress=ac-xxstgo4-shard-00-01.qhbomhf.mongodb.net:27017, hosts=[ac-xxstgo4-shard-00-02.qhbomhf.mongodb.net:27017, ac-xxstgo4-shard-00-00.qhbomhf.mongodb.net:27017, ac-xxstgo4-shard-00-01.qhbomhf.mongodb.net:27017], passives=[], arbiters=[], primary='ac-xxstgo4-shard-00-02.qhbomhf.mongodb.net:27017', tagSet=TagSet{[Tag{name='nodeType', value='ELECTABLE'}, Tag{name='provider', value='AZURE'}, Tag{name='region', value='US_WEST'}, Tag{name='workloadType', value='OPERATIONAL'}]}, electionId=null, setVersion=7, topologyVersion=TopologyVersion{processId=65662bd091bd31d9f03971ee, counter=3}, lastWriteDate=Tue Dec 05 19:16:10 PST 2023, lastUpdateTimeNanos=39986813013166}
2023-12-05T19:16:10.458-08:00  INFO 22730 --- [ngodb.net:27017] org.mongodb.driver.cluster               : Monitor thread successfully connected to server with description ServerDescription{address=ac-xxstgo4-shard-00-02.qhbomhf.mongodb.net:27017, type=REPLICA_SET_PRIMARY, state=CONNECTED, ok=true, minWireVersion=0, maxWireVersion=17, maxDocumentSize=16777216, logicalSessionTimeoutMinutes=30, roundTripTimeNanos=223564292, setName='atlas-116l6n-shard-0', canonicalAddress=ac-xxstgo4-shard-00-02.qhbomhf.mongodb.net:27017, hosts=[ac-xxstgo4-shard-00-02.qhbomhf.mongodb.net:27017, ac-xxstgo4-shard-00-00.qhbomhf.mongodb.net:27017, ac-xxstgo4-shard-00-01.qhbomhf.mongodb.net:27017], passives=[], arbiters=[], primary='ac-xxstgo4-shard-00-02.qhbomhf.mongodb.net:27017', tagSet=TagSet{[Tag{name='nodeType', value='ELECTABLE'}, Tag{name='provider', value='AZURE'}, Tag{name='region', value='US_WEST'}, Tag{name='workloadType', value='OPERATIONAL'}]}, electionId=7fffffff00000000000000bf, setVersion=7, topologyVersion=TopologyVersion{processId=65662b7a70cfa6e0f105baea, counter=6}, lastWriteDate=Tue Dec 05 19:16:10 PST 2023, lastUpdateTimeNanos=39986813052541}
2023-12-05T19:16:10.459-08:00  INFO 22730 --- [ngodb.net:27017] org.mongodb.driver.cluster               : Monitor thread successfully connected to server with description ServerDescription{address=ac-xxstgo4-shard-00-00.qhbomhf.mongodb.net:27017, type=REPLICA_SET_SECONDARY, state=CONNECTED, ok=true, minWireVersion=0, maxWireVersion=17, maxDocumentSize=16777216, logicalSessionTimeoutMinutes=30, roundTripTimeNanos=220934209, setName='atlas-116l6n-shard-0', canonicalAddress=ac-xxstgo4-shard-00-00.qhbomhf.mongodb.net:27017, hosts=[ac-xxstgo4-shard-00-02.qhbomhf.mongodb.net:27017, ac-xxstgo4-shard-00-00.qhbomhf.mongodb.net:27017, ac-xxstgo4-shard-00-01.qhbomhf.mongodb.net:27017], passives=[], arbiters=[], primary='ac-xxstgo4-shard-00-02.qhbomhf.mongodb.net:27017', tagSet=TagSet{[Tag{name='nodeType', value='ELECTABLE'}, Tag{name='provider', value='AZURE'}, Tag{name='region', value='US_WEST'}, Tag{name='workloadType', value='OPERATIONAL'}]}, electionId=null, setVersion=7, topologyVersion=TopologyVersion{processId=65662b27b003b301502cd1d0, counter=4}, lastWriteDate=Tue Dec 05 19:16:10 PST 2023, lastUpdateTimeNanos=39986812915666}
2023-12-05T19:16:10.463-08:00  INFO 22730 --- [ngodb.net:27017] org.mongodb.driver.cluster               : Discovered replica set primary ac-xxstgo4-shard-00-02.qhbomhf.mongodb.net:27017 with max election id 7fffffff00000000000000bf and max set version 7
2023-12-05T19:16:10.584-08:00  INFO 22730 --- [           main] o.a.k.clients.consumer.ConsumerConfig    : ConsumerConfig values: 
	allow.auto.create.topics = true
	auto.commit.interval.ms = 5000
	auto.include.jmx.reporter = true
	auto.offset.reset = earliest
	bootstrap.servers = [35.219.146.212:9092]
	check.crcs = true
	client.dns.lookup = use_all_dns_ips
	client.id = consumer-recommendation-management-group-1
	client.rack = 
	connections.max.idle.ms = 540000
	default.api.timeout.ms = 60000
	enable.auto.commit = false
	exclude.internal.topics = true
	fetch.max.bytes = 52428800
	fetch.max.wait.ms = 500
	fetch.min.bytes = 1
	group.id = recommendation-management-group
	group.instance.id = null
	heartbeat.interval.ms = 3000
	interceptor.classes = []
	internal.leave.group.on.close = true
	internal.throw.on.fetch.stable.offset.unsupported = false
	isolation.level = read_uncommitted
	key.deserializer = class org.apache.kafka.common.serialization.StringDeserializer
	max.partition.fetch.bytes = 1048576
	max.poll.interval.ms = 300000
	max.poll.records = 500
	metadata.max.age.ms = 300000
	metric.reporters = []
	metrics.num.samples = 2
	metrics.recording.level = INFO
	metrics.sample.window.ms = 30000
	partition.assignment.strategy = [class org.apache.kafka.clients.consumer.RangeAssignor, class org.apache.kafka.clients.consumer.CooperativeStickyAssignor]
	receive.buffer.bytes = 65536
	reconnect.backoff.max.ms = 1000
	reconnect.backoff.ms = 50
	request.timeout.ms = 30000
	retry.backoff.ms = 100
	sasl.client.callback.handler.class = null
	sasl.jaas.config = null
	sasl.kerberos.kinit.cmd = /usr/bin/kinit
	sasl.kerberos.min.time.before.relogin = 60000
	sasl.kerberos.service.name = null
	sasl.kerberos.ticket.renew.jitter = 0.05
	sasl.kerberos.ticket.renew.window.factor = 0.8
	sasl.login.callback.handler.class = null
	sasl.login.class = null
	sasl.login.connect.timeout.ms = null
	sasl.login.read.timeout.ms = null
	sasl.login.refresh.buffer.seconds = 300
	sasl.login.refresh.min.period.seconds = 60
	sasl.login.refresh.window.factor = 0.8
	sasl.login.refresh.window.jitter = 0.05
	sasl.login.retry.backoff.max.ms = 10000
	sasl.login.retry.backoff.ms = 100
	sasl.mechanism = GSSAPI
	sasl.oauthbearer.clock.skew.seconds = 30
	sasl.oauthbearer.expected.audience = null
	sasl.oauthbearer.expected.issuer = null
	sasl.oauthbearer.jwks.endpoint.refresh.ms = 3600000
	sasl.oauthbearer.jwks.endpoint.retry.backoff.max.ms = 10000
	sasl.oauthbearer.jwks.endpoint.retry.backoff.ms = 100
	sasl.oauthbearer.jwks.endpoint.url = null
	sasl.oauthbearer.scope.claim.name = scope
	sasl.oauthbearer.sub.claim.name = sub
	sasl.oauthbearer.token.endpoint.url = null
	security.protocol = PLAINTEXT
	security.providers = null
	send.buffer.bytes = 131072
	session.timeout.ms = 45000
	socket.connection.setup.timeout.max.ms = 30000
	socket.connection.setup.timeout.ms = 10000
	ssl.cipher.suites = null
	ssl.enabled.protocols = [TLSv1.2, TLSv1.3]
	ssl.endpoint.identification.algorithm = https
	ssl.engine.factory.class = null
	ssl.key.password = null
	ssl.keymanager.algorithm = SunX509
	ssl.keystore.certificate.chain = null
	ssl.keystore.key = null
	ssl.keystore.location = null
	ssl.keystore.password = null
	ssl.keystore.type = JKS
	ssl.protocol = TLSv1.3
	ssl.provider = null
	ssl.secure.random.implementation = null
	ssl.trustmanager.algorithm = PKIX
	ssl.truststore.certificates = null
	ssl.truststore.location = null
	ssl.truststore.password = null
	ssl.truststore.type = JKS
	value.deserializer = class org.apache.kafka.common.serialization.StringDeserializer

2023-12-05T19:16:10.700-08:00  INFO 22730 --- [           main] o.a.kafka.common.utils.AppInfoParser     : Kafka version: 3.4.1
2023-12-05T19:16:10.701-08:00  INFO 22730 --- [           main] o.a.kafka.common.utils.AppInfoParser     : Kafka commitId: 8a516edc2755df89
2023-12-05T19:16:10.701-08:00  INFO 22730 --- [           main] o.a.kafka.common.utils.AppInfoParser     : Kafka startTimeMs: 1701832570700
2023-12-05T19:16:10.702-08:00  INFO 22730 --- [           main] o.a.k.clients.consumer.KafkaConsumer     : [Consumer clientId=consumer-recommendation-management-group-1, groupId=recommendation-management-group] Subscribed to topic(s): create_user_topic
2023-12-05T19:16:10.708-08:00  INFO 22730 --- [           main] o.a.k.clients.consumer.ConsumerConfig    : ConsumerConfig values: 
	allow.auto.create.topics = true
	auto.commit.interval.ms = 5000
	auto.include.jmx.reporter = true
	auto.offset.reset = earliest
	bootstrap.servers = [35.219.146.212:9092]
	check.crcs = true
	client.dns.lookup = use_all_dns_ips
	client.id = consumer-recommendation-management-group-2
	client.rack = 
	connections.max.idle.ms = 540000
	default.api.timeout.ms = 60000
	enable.auto.commit = false
	exclude.internal.topics = true
	fetch.max.bytes = 52428800
	fetch.max.wait.ms = 500
	fetch.min.bytes = 1
	group.id = recommendation-management-group
	group.instance.id = null
	heartbeat.interval.ms = 3000
	interceptor.classes = []
	internal.leave.group.on.close = true
	internal.throw.on.fetch.stable.offset.unsupported = false
	isolation.level = read_uncommitted
	key.deserializer = class org.apache.kafka.common.serialization.StringDeserializer
	max.partition.fetch.bytes = 1048576
	max.poll.interval.ms = 300000
	max.poll.records = 500
	metadata.max.age.ms = 300000
	metric.reporters = []
	metrics.num.samples = 2
	metrics.recording.level = INFO
	metrics.sample.window.ms = 30000
	partition.assignment.strategy = [class org.apache.kafka.clients.consumer.RangeAssignor, class org.apache.kafka.clients.consumer.CooperativeStickyAssignor]
	receive.buffer.bytes = 65536
	reconnect.backoff.max.ms = 1000
	reconnect.backoff.ms = 50
	request.timeout.ms = 30000
	retry.backoff.ms = 100
	sasl.client.callback.handler.class = null
	sasl.jaas.config = null
	sasl.kerberos.kinit.cmd = /usr/bin/kinit
	sasl.kerberos.min.time.before.relogin = 60000
	sasl.kerberos.service.name = null
	sasl.kerberos.ticket.renew.jitter = 0.05
	sasl.kerberos.ticket.renew.window.factor = 0.8
	sasl.login.callback.handler.class = null
	sasl.login.class = null
	sasl.login.connect.timeout.ms = null
	sasl.login.read.timeout.ms = null
	sasl.login.refresh.buffer.seconds = 300
	sasl.login.refresh.min.period.seconds = 60
	sasl.login.refresh.window.factor = 0.8
	sasl.login.refresh.window.jitter = 0.05
	sasl.login.retry.backoff.max.ms = 10000
	sasl.login.retry.backoff.ms = 100
	sasl.mechanism = GSSAPI
	sasl.oauthbearer.clock.skew.seconds = 30
	sasl.oauthbearer.expected.audience = null
	sasl.oauthbearer.expected.issuer = null
	sasl.oauthbearer.jwks.endpoint.refresh.ms = 3600000
	sasl.oauthbearer.jwks.endpoint.retry.backoff.max.ms = 10000
	sasl.oauthbearer.jwks.endpoint.retry.backoff.ms = 100
	sasl.oauthbearer.jwks.endpoint.url = null
	sasl.oauthbearer.scope.claim.name = scope
	sasl.oauthbearer.sub.claim.name = sub
	sasl.oauthbearer.token.endpoint.url = null
	security.protocol = PLAINTEXT
	security.providers = null
	send.buffer.bytes = 131072
	session.timeout.ms = 45000
	socket.connection.setup.timeout.max.ms = 30000
	socket.connection.setup.timeout.ms = 10000
	ssl.cipher.suites = null
	ssl.enabled.protocols = [TLSv1.2, TLSv1.3]
	ssl.endpoint.identification.algorithm = https
	ssl.engine.factory.class = null
	ssl.key.password = null
	ssl.keymanager.algorithm = SunX509
	ssl.keystore.certificate.chain = null
	ssl.keystore.key = null
	ssl.keystore.location = null
	ssl.keystore.password = null
	ssl.keystore.type = JKS
	ssl.protocol = TLSv1.3
	ssl.provider = null
	ssl.secure.random.implementation = null
	ssl.trustmanager.algorithm = PKIX
	ssl.truststore.certificates = null
	ssl.truststore.location = null
	ssl.truststore.password = null
	ssl.truststore.type = JKS
	value.deserializer = class org.apache.kafka.common.serialization.StringDeserializer

2023-12-05T19:16:10.711-08:00  INFO 22730 --- [           main] o.a.kafka.common.utils.AppInfoParser     : Kafka version: 3.4.1
2023-12-05T19:16:10.712-08:00  INFO 22730 --- [           main] o.a.kafka.common.utils.AppInfoParser     : Kafka commitId: 8a516edc2755df89
2023-12-05T19:16:10.712-08:00  INFO 22730 --- [           main] o.a.kafka.common.utils.AppInfoParser     : Kafka startTimeMs: 1701832570711
2023-12-05T19:16:10.712-08:00  INFO 22730 --- [           main] o.a.k.clients.consumer.KafkaConsumer     : [Consumer clientId=consumer-recommendation-management-group-2, groupId=recommendation-management-group] Subscribed to topic(s): edit_user_topic
2023-12-05T19:16:10.716-08:00  INFO 22730 --- [           main] c.c.R.RideRecommendationApplicationTests : Started RideRecommendationApplicationTests in 1.618 seconds (process running for 2.319)
2023-12-05T19:16:10.954-08:00  INFO 22730 --- [ntainer#0-0-C-1] org.apache.kafka.clients.Metadata        : [Consumer clientId=consumer-recommendation-management-group-1, groupId=recommendation-management-group] Resetting the last seen epoch of partition create_user_topic-0 to 0 since the associated topicId changed from null to vVfDphwJTneG1uImWnKz0Q
2023-12-05T19:16:10.954-08:00  INFO 22730 --- [ntainer#1-0-C-1] org.apache.kafka.clients.Metadata        : [Consumer clientId=consumer-recommendation-management-group-2, groupId=recommendation-management-group] Resetting the last seen epoch of partition edit_user_topic-0 to 0 since the associated topicId changed from null to Zs3bRrFuQjWJFeLBbExLWg
2023-12-05T19:16:10.955-08:00  INFO 22730 --- [ntainer#0-0-C-1] org.apache.kafka.clients.Metadata        : [Consumer clientId=consumer-recommendation-management-group-1, groupId=recommendation-management-group] Cluster ID: HPktyMepSAa37WWY_8_-Rg
2023-12-05T19:16:10.955-08:00  INFO 22730 --- [ntainer#1-0-C-1] org.apache.kafka.clients.Metadata        : [Consumer clientId=consumer-recommendation-management-group-2, groupId=recommendation-management-group] Cluster ID: HPktyMepSAa37WWY_8_-Rg
2023-12-05T19:16:10.956-08:00  INFO 22730 --- [ntainer#1-0-C-1] o.a.k.c.c.internals.ConsumerCoordinator  : [Consumer clientId=consumer-recommendation-management-group-2, groupId=recommendation-management-group] Discovered group coordinator 35.219.146.212:9092 (id: 2147482646 rack: null)
2023-12-05T19:16:10.958-08:00  INFO 22730 --- [ntainer#1-0-C-1] o.a.k.c.c.internals.ConsumerCoordinator  : [Consumer clientId=consumer-recommendation-management-group-2, groupId=recommendation-management-group] (Re-)joining group
2023-12-05T19:16:10.959-08:00  INFO 22730 --- [ntainer#0-0-C-1] o.a.k.c.c.internals.ConsumerCoordinator  : [Consumer clientId=consumer-recommendation-management-group-1, groupId=recommendation-management-group] Discovered group coordinator 35.219.146.212:9092 (id: 2147482646 rack: null)
2023-12-05T19:16:10.959-08:00  INFO 22730 --- [ntainer#0-0-C-1] o.a.k.c.c.internals.ConsumerCoordinator  : [Consumer clientId=consumer-recommendation-management-group-1, groupId=recommendation-management-group] (Re-)joining group
2023-12-05T19:16:11.057-08:00  INFO 22730 --- [ntainer#1-0-C-1] o.a.k.c.c.internals.ConsumerCoordinator  : [Consumer clientId=consumer-recommendation-management-group-2, groupId=recommendation-management-group] Request joining group due to: need to re-join with the given member-id: consumer-recommendation-management-group-2-429d93b6-cfcc-4098-9075-76e330522706
2023-12-05T19:16:11.057-08:00  INFO 22730 --- [ntainer#1-0-C-1] o.a.k.c.c.internals.ConsumerCoordinator  : [Consumer clientId=consumer-recommendation-management-group-2, groupId=recommendation-management-group] Request joining group due to: rebalance failed due to 'The group member needs to have a valid member id before actually entering a consumer group.' (MemberIdRequiredException)
2023-12-05T19:16:11.057-08:00  INFO 22730 --- [ntainer#1-0-C-1] o.a.k.c.c.internals.ConsumerCoordinator  : [Consumer clientId=consumer-recommendation-management-group-2, groupId=recommendation-management-group] (Re-)joining group
2023-12-05T19:16:11.077-08:00  INFO 22730 --- [ntainer#0-0-C-1] o.a.k.c.c.internals.ConsumerCoordinator  : [Consumer clientId=consumer-recommendation-management-group-1, groupId=recommendation-management-group] Request joining group due to: need to re-join with the given member-id: consumer-recommendation-management-group-1-26ca42a5-6780-420f-a3a5-03da92c4155c
2023-12-05T19:16:11.077-08:00  INFO 22730 --- [ntainer#0-0-C-1] o.a.k.c.c.internals.ConsumerCoordinator  : [Consumer clientId=consumer-recommendation-management-group-1, groupId=recommendation-management-group] Request joining group due to: rebalance failed due to 'The group member needs to have a valid member id before actually entering a consumer group.' (MemberIdRequiredException)
2023-12-05T19:16:11.077-08:00  INFO 22730 --- [ntainer#0-0-C-1] o.a.k.c.c.internals.ConsumerCoordinator  : [Consumer clientId=consumer-recommendation-management-group-1, groupId=recommendation-management-group] (Re-)joining group
]]></system-out>
    <system-err><![CDATA[WARNING: A Java agent has been loaded dynamically (/Users/Sakura/.m2/repository/net/bytebuddy/byte-buddy-agent/1.14.9/byte-buddy-agent-1.14.9.jar)
WARNING: If a serviceability tool is in use, please run with -XX:+EnableDynamicAgentLoading to hide this warning
WARNING: If a serviceability tool is not in use, please run with -Djdk.instrument.traceUsage for more information
WARNING: Dynamic loading of agents will be disallowed by default in a future release
]]></system-err>
  </testcase>
</testsuite>